<?xml version="1.0" encoding="UTF-8"?>
<!-- Generated by org.testng.reporters.JUnitReportReporter -->
<testsuite hostname="Hani-PC" failures="0" tests="5" name="com.crm.qa.testcases.MyInfoPageTest" time="231.289" errors="0" timestamp="2021-06-22T20:42:05 IST" skipped="0">
  <testcase classname="com.crm.qa.testcases.MyInfoPageTest" name="verifyPersonalDetails" time="38.039"/>
  <system-out/>
  <testcase classname="com.crm.qa.testcases.MyInfoPageTest" name="verifyCheckBox" time="41.665"/>
  <system-out/>
  <testcase classname="com.crm.qa.testcases.MyInfoPageTest" name="validateEditBtn" time="56.782"/>
  <system-out/>
  <testcase classname="com.crm.qa.testcases.MyInfoPageTest" name="validateEditBtn" time="63.817"/>
  <system-out/>
  <testcase classname="com.crm.qa.testcases.MyInfoPageTest" name="validateEditBtn" time="30.986"/>
  <system-out/>
</testsuite> <!-- com.crm.qa.testcases.MyInfoPageTest -->
