<?xml version="1.0" encoding="UTF-8"?>
<!-- Generated by org.testng.reporters.JUnitReportReporter -->
<testsuite hostname="Hani-PC" failures="0" tests="3" name="com.crm.qa.testcases.LoginPageTest" time="57.637" errors="0" timestamp="2021-06-22T20:42:05 IST" skipped="0">
  <testcase classname="com.crm.qa.testcases.LoginPageTest" name="loginPageTitleTest" time="12.720"/>
  <system-out/>
  <testcase classname="com.crm.qa.testcases.LoginPageTest" name="crmLogoTest" time="16.162"/>
  <system-out/>
  <testcase classname="com.crm.qa.testcases.LoginPageTest" name="loginTest" time="28.755"/>
  <system-out/>
</testsuite> <!-- com.crm.qa.testcases.LoginPageTest -->
